<?xml version="1.0" encoding="UTF-8"?>
<testng-results total="1" passed="1" failed="0" skipped="0">
  <reporter-output>
  </reporter-output>
  <suite started-at="2020-07-26T18:13:14Z" name="Surefire suite" finished-at="2020-07-26T18:13:20Z" duration-ms="6271">
    <groups>
    </groups>
    <test started-at="2020-07-26T18:13:14Z" name="Surefire test" finished-at="2020-07-26T18:13:20Z" duration-ms="6271">
      <class name="com.org.learningMaven.HelloWorldTest">
        <test-method signature="Login()[pri:0, instance:com.org.learningMaven.HelloWorldTest@4e718207]" started-at="2020-07-26T21:13:14Z" name="Login" finished-at="2020-07-26T21:13:20Z" duration-ms="6255" status="PASS">
          <reporter-output>
          </reporter-output>
        </test-method> <!-- Login -->
      </class> <!-- com.org.learningMaven.HelloWorldTest -->
    </test> <!-- Surefire test -->
  </suite> <!-- Surefire suite -->
</testng-results>
