<?xml version="1.0" encoding="UTF-8"?>
<testng-results ignored="0" total="1" passed="1" failed="0" skipped="0">
  <reporter-output>
  </reporter-output>
  <suite started-at="2020-07-26T21:12:39 EEST" name="Default suite" finished-at="2020-07-26T21:12:46 EEST" duration-ms="7662">
    <groups>
    </groups>
    <test started-at="2020-07-26T21:12:39 EEST" name="Default test" finished-at="2020-07-26T21:12:46 EEST" duration-ms="7662">
      <class name="com.org.learningMaven.HelloWorldTest">
        <test-method signature="Login()[pri:0, instance:com.org.learningMaven.HelloWorldTest@23986957]" started-at="2020-07-26T21:12:39 EEST" name="Login" finished-at="2020-07-26T21:12:46 EEST" duration-ms="7608" status="PASS">
          <reporter-output>
          </reporter-output>
        </test-method> <!-- Login -->
      </class> <!-- com.org.learningMaven.HelloWorldTest -->
    </test> <!-- Default test -->
  </suite> <!-- Default suite -->
</testng-results>
